[INFO] Scanning for projects...
[WARNING] 
[WARNING] Some problems were encountered while building the effective model for pt.tecnico.ulisboa:depchain:jar:1.0-SNAPSHOT
[WARNING] 'dependencies.dependency.systemPath' for com.example:bcprov-jdk18on:jar should not point at files within the project directory, ${project.basedir}/libs/bcprov-jdk18on-1.80.jar will be unresolvable by dependent projects @ line 42, column 19
[WARNING] 'dependencies.dependency.systemPath' for com.example:besu-datatypes:jar should not point at files within the project directory, ${project.basedir}/libs/besu-datatypes-24.12.2.jar will be unresolvable by dependent projects @ line 49, column 19
[WARNING] 'dependencies.dependency.systemPath' for com.example:caffeine:jar should not point at files within the project directory, ${project.basedir}/libs/caffeine-3.2.0.jar will be unresolvable by dependent projects @ line 56, column 19
[WARNING] 'dependencies.dependency.systemPath' for com.example:core:jar should not point at files within the project directory, ${project.basedir}/libs/core-24.12.2.jar will be unresolvable by dependent projects @ line 63, column 19
[WARNING] 'dependencies.dependency.systemPath' for com.example:crypto:jar should not point at files within the project directory, ${project.basedir}/libs/crypto-23.1.3.jar will be unresolvable by dependent projects @ line 70, column 19
[WARNING] 'dependencies.dependency.systemPath' for com.example:evm:jar should not point at files within the project directory, ${project.basedir}/libs/evm-24.12.2.jar will be unresolvable by dependent projects @ line 77, column 19
[WARNING] 'dependencies.dependency.systemPath' for com.example:gnark:jar should not point at files within the project directory, ${project.basedir}/libs/gnark-1.1.1.jar will be unresolvable by dependent projects @ line 84, column 19
[WARNING] 'dependencies.dependency.systemPath' for com.example:gson:jar should not point at files within the project directory, ${project.basedir}/libs/gson-2.12.1.jar will be unresolvable by dependent projects @ line 91, column 19
[WARNING] 'dependencies.dependency.systemPath' for com.example:guava:jar should not point at files within the project directory, ${project.basedir}/libs/guava-33.4.0-jre.jar will be unresolvable by dependent projects @ line 98, column 19
[WARNING] 'dependencies.dependency.systemPath' for com.example:jna:jar should not point at files within the project directory, ${project.basedir}/libs/jna-5.16.0.jar will be unresolvable by dependent projects @ line 105, column 19
[WARNING] 'dependencies.dependency.systemPath' for com.example:rlp:jar should not point at files within the project directory, ${project.basedir}/libs/rlp-24.12.2.jar will be unresolvable by dependent projects @ line 112, column 19
[WARNING] 'dependencies.dependency.systemPath' for com.example:secp256k1:jar should not point at files within the project directory, ${project.basedir}/libs/secp256k1-1.1.1.jar will be unresolvable by dependent projects @ line 119, column 19
[WARNING] 'dependencies.dependency.systemPath' for com.example:slf4j-api:jar should not point at files within the project directory, ${project.basedir}/libs/slf4j-api-2.0.16.jar will be unresolvable by dependent projects @ line 126, column 19
[WARNING] 'dependencies.dependency.systemPath' for com.example:tuweni-bytes:jar should not point at files within the project directory, ${project.basedir}/libs/tuweni-bytes-2.3.1.jar will be unresolvable by dependent projects @ line 133, column 19
[WARNING] 'dependencies.dependency.systemPath' for com.example:tuweni-units:jar should not point at files within the project directory, ${project.basedir}/libs/tuweni-units-2.3.1.jar will be unresolvable by dependent projects @ line 140, column 19
[WARNING] 'dependencies.dependency.systemPath' for com.example:web3j-utils:jar should not point at files within the project directory, ${project.basedir}/libs/web3j-utils-4.0.4.jar will be unresolvable by dependent projects @ line 147, column 19
[WARNING] 
[WARNING] It is highly recommended to fix these problems because they threaten the stability of your build.
[WARNING] 
[WARNING] For this reason, future Maven versions might no longer support building such malformed projects.
[WARNING] 
[INFO] 
[INFO] --------------------< pt.tecnico.ulisboa:depchain >---------------------
[INFO] Building depchain 1.0-SNAPSHOT
[INFO]   from pom.xml
[INFO] --------------------------------[ jar ]---------------------------------
[INFO] 
[INFO] --- resources:3.3.1:resources (default-resources) @ depchain ---
[INFO] Copying 9 resources from src/main/resources to target/classes
[INFO] 
[INFO] --- compiler:3.8.1:compile (default-compile) @ depchain ---
[INFO] Nothing to compile - all classes are up to date
[INFO] 
[INFO] --- resources:3.3.1:testResources (default-testResources) @ depchain ---
[INFO] skip non existing resourceDirectory /home/joaomacas02/Documents/Github/depchain/depchain/src/test/resources
[INFO] 
[INFO] --- compiler:3.8.1:testCompile (default-testCompile) @ depchain ---
[INFO] Nothing to compile - all classes are up to date
[INFO] 
[INFO] --- surefire:3.2.5:test (default-test) @ depchain ---
[INFO] Using auto detected provider org.apache.maven.surefire.junit4.JUnit4Provider
[INFO] 
[INFO] -------------------------------------------------------
[INFO]  T E S T S
[INFO] -------------------------------------------------------
[INFO] Running pt.tecnico.ulisboa.ContractTests
[ERROR] Tests run: 1, Failures: 0, Errors: 1, Skipped: 0, Time elapsed: 0.976 s <<< FAILURE! -- in pt.tecnico.ulisboa.ContractTests
[ERROR] pt.tecnico.ulisboa.ContractTests.testBlacklistContractAddAndRemove -- Time elapsed: 0.895 s <<< ERROR!
java.lang.RuntimeException: Failed to add0x2345678901234567890123456789012345678901address to blacklist
	at pt.tecnico.ulisboa.contracts.BlacklistContract.addToBlacklist(BlacklistContract.java:40)
	at pt.tecnico.ulisboa.ContractTests.testBlacklistContractAddAndRemove(ContractTests.java:44)
	at java.base/jdk.internal.reflect.DirectMethodHandleAccessor.invoke(DirectMethodHandleAccessor.java:103)
	at java.base/java.lang.reflect.Method.invoke(Method.java:580)
	at org.junit.runners.model.FrameworkMethod$1.runReflectiveCall(FrameworkMethod.java:59)
	at org.junit.internal.runners.model.ReflectiveCallable.run(ReflectiveCallable.java:12)
	at org.junit.runners.model.FrameworkMethod.invokeExplosively(FrameworkMethod.java:56)
	at org.junit.internal.runners.statements.InvokeMethod.evaluate(InvokeMethod.java:17)
	at org.junit.internal.runners.statements.RunBefores.evaluate(RunBefores.java:26)
	at org.junit.runners.ParentRunner$3.evaluate(ParentRunner.java:306)
	at org.junit.runners.BlockJUnit4ClassRunner$1.evaluate(BlockJUnit4ClassRunner.java:100)
	at org.junit.runners.ParentRunner.runLeaf(ParentRunner.java:366)
	at org.junit.runners.BlockJUnit4ClassRunner.runChild(BlockJUnit4ClassRunner.java:103)
	at org.junit.runners.BlockJUnit4ClassRunner.runChild(BlockJUnit4ClassRunner.java:63)
	at org.junit.runners.ParentRunner$4.run(ParentRunner.java:331)
	at org.junit.runners.ParentRunner$1.schedule(ParentRunner.java:79)
	at org.junit.runners.ParentRunner.runChildren(ParentRunner.java:329)
	at org.junit.runners.ParentRunner.access$100(ParentRunner.java:66)
	at org.junit.runners.ParentRunner$2.evaluate(ParentRunner.java:293)
	at org.junit.runners.ParentRunner$3.evaluate(ParentRunner.java:306)
	at org.junit.runners.ParentRunner.run(ParentRunner.java:413)
	at org.apache.maven.surefire.junit4.JUnit4Provider.execute(JUnit4Provider.java:316)
	at org.apache.maven.surefire.junit4.JUnit4Provider.executeWithRerun(JUnit4Provider.java:240)
	at org.apache.maven.surefire.junit4.JUnit4Provider.executeTestSet(JUnit4Provider.java:214)
	at org.apache.maven.surefire.junit4.JUnit4Provider.invoke(JUnit4Provider.java:155)
	at org.apache.maven.surefire.booter.ForkedBooter.runSuitesInProcess(ForkedBooter.java:385)
	at org.apache.maven.surefire.booter.ForkedBooter.execute(ForkedBooter.java:162)
	at org.apache.maven.surefire.booter.ForkedBooter.run(ForkedBooter.java:507)
	at org.apache.maven.surefire.booter.ForkedBooter.main(ForkedBooter.java:495)
Caused by: java.lang.IllegalArgumentException: Illegal character 'n' found at index 0 in hex binary representation
	at org.apache.tuweni.bytes.BytesValues.fromRawHexString(BytesValues.java:62)
	at org.apache.tuweni.bytes.BytesValues.fromHexString(BytesValues.java:25)
	at org.apache.tuweni.bytes.Bytes.fromHexString(Bytes.java:551)
	at pt.tecnico.ulisboa.contracts.BlacklistContract.addToBlacklist(BlacklistContract.java:35)
	... 28 more

[INFO] 
[INFO] Results:
[INFO] 
[ERROR] Errors: 
[ERROR]   ContractTests.testBlacklistContractAddAndRemove:44 Â» Runtime Failed to add0x2345678901234567890123456789012345678901address to blacklist
[INFO] 
[ERROR] Tests run: 1, Failures: 0, Errors: 1, Skipped: 0
[INFO] 
[INFO] ------------------------------------------------------------------------
[INFO] BUILD FAILURE
[INFO] ------------------------------------------------------------------------
[INFO] Total time:  2.484 s
[INFO] Finished at: 2025-03-27T08:13:03Z
[INFO] ------------------------------------------------------------------------
[ERROR] Failed to execute goal org.apache.maven.plugins:maven-surefire-plugin:3.2.5:test (default-test) on project depchain: 
[ERROR] 
[ERROR] Please refer to /home/joaomacas02/Documents/Github/depchain/depchain/target/surefire-reports for the individual test results.
[ERROR] Please refer to dump files (if any exist) [date].dump, [date]-jvmRun[N].dump and [date].dumpstream.
[ERROR] -> [Help 1]
[ERROR] 
[ERROR] To see the full stack trace of the errors, re-run Maven with the -e switch.
[ERROR] Re-run Maven using the -X switch to enable full debug logging.
[ERROR] 
[ERROR] For more information about the errors and possible solutions, please read the following articles:
[ERROR] [Help 1] http://cwiki.apache.org/confluence/display/MAVEN/MojoFailureException
